npm verbose cli /home/tongaidh/.nvm/versions/node/v20.17.0/bin/node /home/tongaidh/.nvm/versions/node/v20.17.0/bin/npm
npm info using npm@10.9.0
npm info using node@v20.17.0
npm verbose title npm install
npm verbose argv "install" "--legacy-peer-deps" "--loglevel" "verbose"
npm verbose logfile logs-max:10 dir:/home/tongaidh/.npm/_logs/2024-11-18T03_45_46_238Z-
npm verbose logfile /home/tongaidh/.npm/_logs/2024-11-18T03_45_46_238Z-debug-0.log
npm http fetch GET 200 https://registry.npmjs.org/cypress 275ms (cache revalidated)
npm http fetch GET 200 https://registry.npmjs.org/browserstack-cypress-cli 710ms (cache revalidated)
npm http fetch GET 200 https://registry.npmjs.org/fs-extra 240ms (cache revalidated)
npm http fetch GET 200 https://registry.npmjs.org/chalk 253ms (cache revalidated)
npm http fetch GET 200 https://registry.npmjs.org/archiver 265ms (cache revalidated)
npm http fetch GET 200 https://registry.npmjs.org/gitconfiglocal 278ms (cache revalidated)
npm http fetch GET 200 https://registry.npmjs.org/async 295ms (cache revalidated)
npm http fetch GET 200 https://registry.npmjs.org/uuid 80ms (cache revalidated)
npm http fetch GET 200 https://registry.npmjs.org/windows-release 69ms (cache revalidated)
npm http fetch GET 200 https://registry.npmjs.org/yargs 85ms (cache revalidated)
npm http fetch GET 200 https://registry.npmjs.org/requestretry 220ms (cache revalidated)
npm http fetch GET 200 https://registry.npmjs.org/mocha 472ms (cache revalidated)
npm http fetch GET 200 https://registry.npmjs.org/table 256ms (cache revalidated)
npm http fetch GET 200 https://registry.npmjs.org/winston 204ms (cache revalidated)
npm http fetch GET 200 https://registry.npmjs.org/tmp 76ms (cache revalidated)
npm http fetch GET 200 https://registry.npmjs.org/arch 93ms (cache revalidated)
npm http fetch GET 200 https://registry.npmjs.org/decompress 189ms (cache revalidated)
npm http fetch GET 200 https://registry.npmjs.org/debug 81ms (cache revalidated)
npm http fetch GET 200 https://registry.npmjs.org/execa 65ms (cache revalidated)
npm http fetch GET 200 https://registry.npmjs.org/getos 76ms (cache revalidated)
npm http fetch GET 200 https://registry.npmjs.org/mkdirp 731ms (cache revalidated)
npm http fetch GET 200 https://registry.npmjs.org/cli-progress 738ms (cache revalidated)
npm http fetch GET 200 https://registry.npmjs.org/unzipper 280ms (cache revalidated)
npm http fetch GET 200 https://registry.npmjs.org/buffer 83ms (cache revalidated)
npm http fetch GET 200 https://registry.npmjs.org/update-notifier 501ms (cache revalidated)
npm http fetch GET 200 https://registry.npmjs.org/request 770ms (cache revalidated)
npm http fetch GET 200 https://registry.npmjs.org/browserstack-local 800ms (cache revalidated)
npm http fetch GET 200 https://registry.npmjs.org/dayjs 227ms (cache revalidated)
npm http fetch GET 200 https://registry.npmjs.org/listr2 110ms (cache revalidated)
npm http fetch GET 200 https://registry.npmjs.org/process 84ms (cache revalidated)
npm http fetch GET 200 https://registry.npmjs.org/lodash 131ms (cache revalidated)
npm http fetch GET 200 https://registry.npmjs.org/figures 101ms (cache revalidated)
npm http fetch GET 200 https://registry.npmjs.org/semver 123ms (cache revalidated)
npm http fetch GET 200 https://registry.npmjs.org/ci-info 112ms (cache revalidated)
npm http fetch GET 200 https://registry.npmjs.org/yauzl 213ms (cache revalidated)
npm http fetch GET 200 https://registry.npmjs.org/glob 893ms (cache revalidated)
npm http fetch GET 200 https://registry.npmjs.org/enquirer 77ms (cache revalidated)
npm http fetch GET 200 https://registry.npmjs.org/git-last-commit 942ms (cache revalidated)
npm http fetch GET 200 https://registry.npmjs.org/commander 71ms (cache revalidated)
npm http fetch GET 200 https://registry.npmjs.org/minimist 88ms (cache revalidated)
npm http fetch GET 200 https://registry.npmjs.org/tree-kill 83ms (cache revalidated)
npm http fetch GET 200 https://registry.npmjs.org/lazy-ass 97ms (cache revalidated)
npm http fetch GET 200 https://registry.npmjs.org/node-ipc 980ms (cache revalidated)
npm http fetch GET 200 https://registry.npmjs.org/getmac 988ms (cache revalidated)
npm http fetch GET 200 https://registry.npmjs.org/cachedir 193ms (cache revalidated)
npm http fetch GET 200 https://registry.npmjs.org/bluebird 204ms (cache revalidated)
npm http fetch GET 200 https://registry.npmjs.org/blob-util 149ms (cache revalidated)
npm http fetch GET 200 https://registry.npmjs.org/untildify 140ms (cache revalidated)
npm http fetch GET 200 https://registry.npmjs.org/cli-table3 97ms (cache revalidated)
npm http fetch GET 200 https://registry.npmjs.org/log-symbols 76ms (cache revalidated)
npm http fetch GET 200 https://registry.npmjs.org/pretty-bytes 74ms (cache revalidated)
npm http fetch GET 200 https://registry.npmjs.org/extract-zip 84ms (cache revalidated)
npm http fetch GET 200 https://registry.npmjs.org/eventemitter2 69ms (cache revalidated)
npm http fetch GET 200 https://registry.npmjs.org/proxy-from-env 70ms (cache revalidated)
npm http fetch GET 200 https://registry.npmjs.org/executable 140ms (cache revalidated)
npm http fetch GET 200 https://registry.npmjs.org/common-tags 131ms (cache revalidated)
npm http fetch GET 200 https://registry.npmjs.org/@types%2fsizzle 93ms (cache revalidated)
npm http fetch GET 200 https://registry.npmjs.org/supports-color 71ms (cache revalidated)
npm http fetch GET 200 https://registry.npmjs.org/request-progress 67ms (cache revalidated)
npm http fetch GET 200 https://registry.npmjs.org/is-installed-globally 68ms (cache revalidated)
npm http fetch GET 200 https://registry.npmjs.org/cli-cursor 215ms (cache revalidated)
npm http fetch GET 200 https://registry.npmjs.org/@cypress%2frequest 234ms (cache revalidated)
npm http fetch GET 200 https://registry.npmjs.org/check-more-types 237ms (cache revalidated)
npm http fetch GET 200 https://registry.npmjs.org/@types%2fsinonjs__fake-timers 268ms (cache revalidated)
npm http fetch GET 200 https://registry.npmjs.org/git-repo-info 1421ms (cache revalidated)
npm http fetch GET 200 https://registry.npmjs.org/ospath 737ms (cache revalidated)
npm http fetch GET 200 https://registry.npmjs.org/@cypress%2fxvfb 570ms (cache revalidated)
npm http fetch GET 200 https://registry.npmjs.org/readdir-glob 70ms (cache revalidated)
npm http fetch GET 200 https://registry.npmjs.org/buffer-crc32 84ms (cache revalidated)
npm http fetch GET 200 https://registry.npmjs.org/ansi-styles 85ms (cache revalidated)
npm http fetch GET 200 https://registry.npmjs.org/tar-stream 91ms (cache revalidated)
npm http fetch GET 200 https://registry.npmjs.org/readable-stream 94ms (cache revalidated)
npm http fetch GET 200 https://registry.npmjs.org/string-width 101ms (cache revalidated)
npm http fetch GET 200 https://registry.npmjs.org/https-proxy-agent 109ms (cache revalidated)
npm http fetch GET 200 https://registry.npmjs.org/archiver-utils 114ms (cache revalidated)
npm http fetch GET 200 https://registry.npmjs.org/agent-base 112ms (cache revalidated)
npm http fetch GET 200 https://registry.npmjs.org/decompress-tar 113ms (cache revalidated)
npm http fetch GET 200 https://registry.npmjs.org/decompress-targz 83ms (cache revalidated)
npm http fetch GET 200 https://registry.npmjs.org/make-dir 80ms (cache revalidated)
npm http fetch GET 200 https://registry.npmjs.org/decompress-unzip 95ms (cache revalidated)
npm http fetch GET 200 https://registry.npmjs.org/graceful-fs 93ms (cache revalidated)
npm http fetch GET 200 https://registry.npmjs.org/strip-dirs 81ms (cache revalidated)
npm http fetch GET 200 https://registry.npmjs.org/graceful-fs 78ms (cache revalidated)
npm http fetch GET 200 https://registry.npmjs.org/jsonfile 84ms (cache revalidated)
npm http fetch GET 200 https://registry.npmjs.org/universalify 88ms (cache revalidated)
npm http fetch GET 200 https://registry.npmjs.org/ini 55ms (cache revalidated)
npm http fetch GET 200 https://registry.npmjs.org/@types%2fnode 110ms (cache revalidated)
npm http fetch GET 200 https://registry.npmjs.org/ps-tree 337ms (cache revalidated)
npm http fetch GET 200 https://registry.npmjs.org/zip-stream 341ms (cache revalidated)
npm http fetch GET 200 https://registry.npmjs.org/inherits 158ms (cache revalidated)
npm http fetch GET 200 https://registry.npmjs.org/once 170ms (cache revalidated)
npm http fetch GET 200 https://registry.npmjs.org/path-is-absolute 149ms (cache revalidated)
npm http fetch GET 200 https://registry.npmjs.org/minimatch 159ms (cache revalidated)
npm http fetch GET 200 https://registry.npmjs.org/inflight 169ms (cache revalidated)
npm http fetch GET 200 https://registry.npmjs.org/fs.realpath 158ms (cache revalidated)
npm http fetch GET 200 https://registry.npmjs.org/pify 257ms (cache revalidated)
npm http fetch GET 200 https://registry.npmjs.org/yargs 32ms (cache hit)
npm http fetch GET 200 https://registry.npmjs.org/minimatch 36ms (cache hit)
npm http fetch GET 200 https://registry.npmjs.org/ms 190ms (cache revalidated)
npm http fetch GET 200 https://registry.npmjs.org/diff 94ms (cache revalidated)
npm http fetch GET 200 https://registry.npmjs.org/find-up 82ms (cache revalidated)
npm http fetch GET 200 https://registry.npmjs.org/js-yaml 84ms (cache revalidated)
npm http fetch GET 200 https://registry.npmjs.org/chokidar 89ms (cache revalidated)
npm http fetch GET 200 https://registry.npmjs.org/yargs-parser 88ms (cache revalidated)
npm http fetch GET 200 https://registry.npmjs.org/strip-json-comments 61ms (cache revalidated)
npm http fetch GET 200 https://registry.npmjs.org/ansi-colors 96ms (cache revalidated)
npm http fetch GET 200 https://registry.npmjs.org/decompress-tarbz2 459ms (cache revalidated)
npm http fetch GET 200 https://registry.npmjs.org/serialize-javascript 55ms (cache revalidated)
npm http fetch GET 200 https://registry.npmjs.org/escape-string-regexp 69ms (cache revalidated)
npm http fetch GET 200 https://registry.npmjs.org/js-message 74ms (cache revalidated)
npm http fetch GET 200 https://registry.npmjs.org/extend 57ms (cache revalidated)
npm http fetch GET 200 https://registry.npmjs.org/event-pubsub 73ms (cache revalidated)
npm http fetch GET 200 https://registry.npmjs.org/qs 75ms (cache revalidated)
npm http fetch GET 200 https://registry.npmjs.org/aws4 77ms (cache revalidated)
npm http fetch GET 200 https://registry.npmjs.org/caseless 60ms (cache revalidated)
npm http fetch GET 200 https://registry.npmjs.org/aws-sign2 71ms (cache revalidated)
npm http fetch GET 200 https://registry.npmjs.org/browser-stdout 206ms (cache revalidated)
npm http fetch GET 200 https://registry.npmjs.org/workerpool 219ms (cache revalidated)
npm http fetch GET 200 https://registry.npmjs.org/mime-types 66ms (cache revalidated)
npm http fetch GET 200 https://registry.npmjs.org/form-data 76ms (cache revalidated)
npm http fetch GET 200 https://registry.npmjs.org/oauth-sign 80ms (cache revalidated)
npm http fetch GET 200 https://registry.npmjs.org/tunnel-agent 67ms (cache revalidated)
npm http fetch GET 200 https://registry.npmjs.org/safe-buffer 76ms (cache revalidated)
npm http fetch GET 200 https://registry.npmjs.org/yargs-unparser 222ms (cache revalidated)
npm http fetch GET 200 https://registry.npmjs.org/tough-cookie 85ms (cache revalidated)
npm http fetch GET 200 https://registry.npmjs.org/forever-agent 88ms (cache revalidated)
npm http fetch GET 200 https://registry.npmjs.org/har-validator 80ms (cache revalidated)
npm http fetch GET 200 https://registry.npmjs.org/js-queue 224ms (cache revalidated)
npm http fetch GET 200 https://registry.npmjs.org/http-signature 83ms (cache revalidated)
npm http fetch GET 200 https://registry.npmjs.org/combined-stream 91ms (cache revalidated)
npm http fetch GET 200 https://registry.npmjs.org/is-typedarray 111ms (cache revalidated)
npm http fetch GET 200 https://registry.npmjs.org/performance-now 93ms (cache revalidated)
npm http fetch GET 200 https://registry.npmjs.org/ajv 92ms (cache revalidated)
npm http fetch GET 200 https://registry.npmjs.org/json-stringify-safe 105ms (cache revalidated)
npm http fetch GET 200 https://registry.npmjs.org/duplexer2 92ms (cache revalidated)
npm http fetch GET 200 https://registry.npmjs.org/slice-ansi 104ms (cache revalidated)
npm http fetch GET 200 https://registry.npmjs.org/node-int64 81ms (cache revalidated)
npm http fetch GET 200 https://registry.npmjs.org/temp-fs 724ms (cache revalidated)
npm http fetch GET 200 https://registry.npmjs.org/boxen 86ms (cache revalidated)
npm http fetch GET 200 https://registry.npmjs.org/configstore 82ms (cache revalidated)
npm http fetch GET 200 https://registry.npmjs.org/semver-diff 80ms (cache revalidated)
npm http fetch GET 200 https://registry.npmjs.org/import-lazy 92ms (cache revalidated)
npm http fetch GET 200 https://registry.npmjs.org/xdg-basedir 80ms (cache revalidated)
npm http fetch GET 200 https://registry.npmjs.org/latest-version 84ms (cache revalidated)
npm http fetch GET 200 https://registry.npmjs.org/is-running 792ms (cache revalidated)
npm http fetch GET 200 https://registry.npmjs.org/cycle 117ms (cache revalidated)
npm http fetch GET 200 https://registry.npmjs.org/stack-trace 77ms (cache revalidated)
npm http fetch GET 200 https://registry.npmjs.org/cliui 80ms (cache revalidated)
npm http fetch GET 200 https://registry.npmjs.org/which-module 71ms (cache revalidated)
npm http fetch GET 200 https://registry.npmjs.org/pupa 221ms (cache revalidated)
npm http fetch GET 200 https://registry.npmjs.org/y18n 89ms (cache revalidated)
npm http fetch GET 200 https://registry.npmjs.org/set-blocking 80ms (cache revalidated)
npm http fetch GET 200 https://registry.npmjs.org/is-npm 232ms (cache revalidated)
npm http fetch GET 200 https://registry.npmjs.org/he 706ms (cache revalidated)
npm http fetch GET 200 https://registry.npmjs.org/require-directory 74ms (cache revalidated)
npm http fetch GET 200 https://registry.npmjs.org/eyes 219ms (cache revalidated)
npm http fetch GET 200 https://registry.npmjs.org/get-caller-file 83ms (cache revalidated)
npm http fetch GET 200 https://registry.npmjs.org/require-main-filename 69ms (cache revalidated)
npm http fetch GET 200 https://registry.npmjs.org/colors 206ms (cache revalidated)
npm http fetch GET 200 https://registry.npmjs.org/decamelize 225ms (cache revalidated)
npm http fetch GET 200 https://registry.npmjs.org/isstream 681ms (cache revalidated)
npm http fetch GET 200 https://registry.npmjs.org/isstream 640ms (cache revalidated)
npm http fetch GET 200 https://registry.npmjs.org/is-in-ci 739ms (cache revalidated)
npm http fetch GET 200 https://registry.npmjs.org/lodash.difference 92ms (cache revalidated)
npm http fetch GET 200 https://registry.npmjs.org/lazystream 95ms (cache revalidated)
npm http fetch GET 200 https://registry.npmjs.org/fs-constants 85ms (cache revalidated)
npm http fetch GET 200 https://registry.npmjs.org/string_decoder 101ms (cache revalidated)
npm http fetch GET 200 https://registry.npmjs.org/end-of-stream 102ms (cache revalidated)
npm http fetch GET 200 https://registry.npmjs.org/lodash.defaults 109ms (cache revalidated)
npm http fetch GET 200 https://registry.npmjs.org/lodash.flatten 109ms (cache revalidated)
npm http fetch GET 200 https://registry.npmjs.org/util-deprecate 111ms (cache revalidated)
npm http fetch GET 200 https://registry.npmjs.org/normalize-path 113ms (cache revalidated)
npm http fetch GET 200 https://registry.npmjs.org/lodash.union 116ms (cache revalidated)
npm http fetch GET 200 https://registry.npmjs.org/compress-commons 109ms (cache revalidated)
npm http fetch GET 200 https://registry.npmjs.org/bl 118ms (cache revalidated)
npm http fetch GET 200 https://registry.npmjs.org/lodash.isplainobject 232ms (cache revalidated)
npm http fetch GET 200 https://registry.npmjs.org/isarray 57ms (cache revalidated)
npm http fetch GET 200 https://registry.npmjs.org/process-nextick-args 67ms (cache revalidated)
npm http fetch GET 200 https://registry.npmjs.org/core-util-is 84ms (cache revalidated)
npm http fetch GET 200 https://registry.npmjs.org/rimraf 56ms (cache revalidated)
npm http fetch GET 200 https://registry.npmjs.org/event-stream 72ms (cache revalidated)
npm http fetch GET 200 https://registry.npmjs.org/has-flag 53ms (cache revalidated)
npm http fetch GET 200 https://registry.npmjs.org/color-convert 56ms (cache revalidated)
npm http fetch GET 200 https://registry.npmjs.org/color-name 81ms (cache revalidated)
npm http fetch GET 200 https://registry.npmjs.org/strip-ansi 66ms (cache revalidated)
npm http fetch GET 200 https://registry.npmjs.org/emoji-regex 78ms (cache revalidated)
npm http fetch GET 200 https://registry.npmjs.org/is-fullwidth-code-point 80ms (cache revalidated)
npm http fetch GET 200 https://registry.npmjs.org/is-stream 83ms (cache revalidated)
npm http fetch GET 200 https://registry.npmjs.org/onetime 88ms (cache revalidated)
npm http fetch GET 200 https://registry.npmjs.org/lodash.once 95ms (cache revalidated)
npm http fetch GET 200 https://registry.npmjs.org/signal-exit 100ms (cache revalidated)
npm http fetch GET 200 https://registry.npmjs.org/cross-spawn 103ms (cache revalidated)
npm http fetch GET 200 https://registry.npmjs.org/base64-js 110ms (cache revalidated)
npm http fetch GET 200 https://registry.npmjs.org/get-stream 106ms (cache revalidated)
npm http fetch GET 200 https://registry.npmjs.org/get-stream 111ms (cache revalidated)
npm http fetch GET 200 https://registry.npmjs.org/npm-run-path 111ms (cache revalidated)
npm http fetch GET 200 https://registry.npmjs.org/@colors%2fcolors 118ms (cache revalidated)
npm http fetch GET 200 https://registry.npmjs.org/ieee754 120ms (cache revalidated)
npm http fetch GET 200 https://registry.npmjs.org/merge-stream 116ms (cache revalidated)
npm http fetch GET 200 https://registry.npmjs.org/strip-final-newline 115ms (cache revalidated)
npm http fetch GET 200 https://registry.npmjs.org/restore-cursor 122ms (cache revalidated)
npm http fetch GET 200 https://registry.npmjs.org/human-signals 121ms (cache revalidated)
npm http fetch GET 200 https://registry.npmjs.org/is-path-inside 81ms (cache revalidated)
npm http fetch GET 200 https://registry.npmjs.org/at-least-node 97ms (cache revalidated)
npm http fetch GET 200 https://registry.npmjs.org/global-dirs 95ms (cache revalidated)
npm http fetch GET 200 https://registry.npmjs.org/@types%2fyauzl 116ms (cache revalidated)
npm http fetch GET 200 https://registry.npmjs.org/colorette 88ms (cache revalidated)
npm http fetch GET 200 https://registry.npmjs.org/through 93ms (cache revalidated)
npm http fetch GET 200 https://registry.npmjs.org/rxjs 101ms (cache revalidated)
npm http fetch GET 200 https://registry.npmjs.org/p-map 112ms (cache revalidated)
npm http fetch GET 200 https://registry.npmjs.org/log-update 107ms (cache revalidated)
npm http fetch GET 200 https://registry.npmjs.org/rfdc 120ms (cache revalidated)
npm http fetch GET 200 https://registry.npmjs.org/wrap-ansi 111ms (cache revalidated)
npm http fetch GET 200 https://registry.npmjs.org/cli-truncate 109ms (cache revalidated)
npm http fetch GET 200 https://registry.npmjs.org/is-unicode-supported 109ms (cache revalidated)
npm http fetch GET 200 https://registry.npmjs.org/fd-slicer 105ms (cache revalidated)
npm http fetch GET 200 https://registry.npmjs.org/throttleit 219ms (cache revalidated)
npm http fetch GET 200 https://registry.npmjs.org/jsprim 61ms (cache revalidated)
npm http fetch GET 200 https://registry.npmjs.org/assert-plus 82ms (cache revalidated)
npm http fetch GET 200 https://registry.npmjs.org/side-channel 82ms (cache revalidated)
npm http fetch GET 200 https://registry.npmjs.org/mime-db 83ms (cache revalidated)
npm http fetch GET 200 https://registry.npmjs.org/asynckit 86ms (cache revalidated)
npm http fetch GET 200 https://registry.npmjs.org/delayed-stream 87ms (cache revalidated)
npm http fetch GET 200 https://registry.npmjs.org/tldts 90ms (cache revalidated)
npm http fetch GET 200 https://registry.npmjs.org/sshpk 108ms (cache revalidated)
npm http fetch GET 200 https://registry.npmjs.org/unbzip2-stream 72ms (cache revalidated)
npm http fetch GET 200 https://registry.npmjs.org/seek-bzip 83ms (cache revalidated)
npm http fetch GET 200 https://registry.npmjs.org/file-type 132ms (cache revalidated)
npm http fetch GET 200 https://registry.npmjs.org/file-type 148ms (cache revalidated)
npm http fetch GET 200 https://registry.npmjs.org/file-type 162ms (cache revalidated)
npm http fetch GET 200 https://registry.npmjs.org/file-type 167ms (cache revalidated)
npm http fetch GET 200 https://registry.npmjs.org/is-natural-number 166ms (cache revalidated)
npm http fetch GET 200 https://registry.npmjs.org/buffer-alloc 80ms (cache revalidated)
npm http fetch GET 200 https://registry.npmjs.org/xtend 80ms (cache revalidated)
npm http fetch GET 200 https://registry.npmjs.org/to-buffer 201ms (cache revalidated)
npm http fetch GET 200 https://registry.npmjs.org/pinkie-promise 65ms (cache revalidated)
npm http fetch GET 200 https://registry.npmjs.org/object-assign 68ms (cache revalidated)
npm http fetch GET 200 https://registry.npmjs.org/ansi-regex 57ms (cache revalidated)
npm http fetch GET 200 https://registry.npmjs.org/which 68ms (cache revalidated)
npm http fetch GET 200 https://registry.npmjs.org/path-key 75ms (cache revalidated)
npm http fetch GET 200 https://registry.npmjs.org/mimic-fn 72ms (cache revalidated)
npm http fetch GET 200 https://registry.npmjs.org/shebang-command 83ms (cache revalidated)
npm http fetch GET 200 https://registry.npmjs.org/path-key 83ms (cache revalidated)
npm http fetch GET 200 https://registry.npmjs.org/pump 97ms (cache revalidated)
npm http fetch GET 200 https://registry.npmjs.org/isexe 73ms (cache revalidated)
npm http fetch GET 200 https://registry.npmjs.org/shebang-regex 76ms (cache revalidated)
npm http fetch GET 200 https://registry.npmjs.org/@types%2fnode 36ms (cache hit)
npm http fetch GET 200 https://registry.npmjs.org/undici-types 62ms (cache revalidated)
npm http fetch GET 200 https://registry.npmjs.org/pinkie 96ms (cache revalidated)
npm http fetch GET 200 https://registry.npmjs.org/wrappy 58ms (cache revalidated)
npm http fetch GET 200 https://registry.npmjs.org/brace-expansion 66ms (cache revalidated)
npm http fetch GET 200 https://registry.npmjs.org/wrappy 69ms (cache revalidated)
npm http fetch GET 200 https://registry.npmjs.org/asn1 64ms (cache revalidated)
npm http fetch GET 200 https://registry.npmjs.org/getpass 76ms (cache revalidated)
npm http fetch GET 200 https://registry.npmjs.org/extsprintf 86ms (cache revalidated)
npm http fetch GET 200 https://registry.npmjs.org/json-schema 89ms (cache revalidated)
npm http fetch GET 200 https://registry.npmjs.org/safer-buffer 86ms (cache revalidated)
npm http fetch GET 200 https://registry.npmjs.org/tweetnacl 85ms (cache revalidated)
npm http fetch GET 200 https://registry.npmjs.org/verror 91ms (cache revalidated)
npm http fetch GET 200 https://registry.npmjs.org/bcrypt-pbkdf 88ms (cache revalidated)
npm http fetch GET 200 https://registry.npmjs.org/dashdash 92ms (cache revalidated)
npm http fetch GET 200 https://registry.npmjs.org/jsbn 91ms (cache revalidated)
npm http fetch GET 200 https://registry.npmjs.org/ecc-jsbn 91ms (cache revalidated)
npm http fetch GET 200 https://registry.npmjs.org/aggregate-error 59ms (cache revalidated)
npm http fetch GET 200 https://registry.npmjs.org/ansi-escapes 60ms (cache revalidated)
npm http fetch GET 200 https://registry.npmjs.org/tslib 65ms (cache revalidated)
npm http fetch GET 200 https://registry.npmjs.org/astral-regex 64ms (cache revalidated)
npm http fetch GET 200 https://registry.npmjs.org/type-fest 72ms (cache revalidated)
npm http fetch GET 200 https://registry.npmjs.org/concat-map 60ms (cache revalidated)
npm http fetch GET 200 https://registry.npmjs.org/balanced-match 65ms (cache revalidated)
npm http fetch GET 200 https://registry.npmjs.org/braces 84ms (cache revalidated)
npm http fetch GET 200 https://registry.npmjs.org/path-exists 80ms (cache revalidated)
npm http fetch GET 200 https://registry.npmjs.org/randombytes 83ms (cache revalidated)
npm http fetch GET 200 https://registry.npmjs.org/anymatch 95ms (cache revalidated)
npm http fetch GET 200 https://registry.npmjs.org/escalade 88ms (cache revalidated)
npm http fetch GET 200 https://registry.npmjs.org/argparse 93ms (cache revalidated)
npm http fetch GET 200 https://registry.npmjs.org/fsevents 95ms (cache revalidated)
npm http fetch GET 200 https://registry.npmjs.org/is-glob 100ms (cache revalidated)
npm http fetch GET 200 https://registry.npmjs.org/glob-parent 103ms (cache revalidated)
npm http fetch GET 200 https://registry.npmjs.org/readdirp 104ms (cache revalidated)
npm http fetch GET 200 https://registry.npmjs.org/camelcase 98ms (cache revalidated)
npm http fetch GET 200 https://registry.npmjs.org/flat 99ms (cache revalidated)
npm http fetch GET 200 https://registry.npmjs.org/locate-path 107ms (cache revalidated)
npm http fetch GET 200 https://registry.npmjs.org/is-plain-obj 100ms (cache revalidated)
npm http fetch GET 200 https://registry.npmjs.org/is-binary-path 129ms (cache revalidated)
npm http fetch GET 200 https://registry.npmjs.org/picomatch 67ms (cache revalidated)
npm http fetch GET 200 https://registry.npmjs.org/picomatch 73ms (cache revalidated)
npm http fetch GET 200 https://registry.npmjs.org/is-extglob 78ms (cache revalidated)
npm http fetch GET 200 https://registry.npmjs.org/fill-range 80ms (cache revalidated)
npm http fetch GET 200 https://registry.npmjs.org/binary-extensions 82ms (cache revalidated)
npm http fetch GET 200 https://registry.npmjs.org/to-regex-range 195ms (cache revalidated)
npm http fetch GET 200 https://registry.npmjs.org/is-number 122ms (cache revalidated)
npm http fetch GET 200 https://registry.npmjs.org/p-locate 58ms (cache revalidated)
npm http fetch GET 200 https://registry.npmjs.org/p-limit 69ms (cache revalidated)
npm http fetch GET 200 https://registry.npmjs.org/easy-stack 77ms (cache revalidated)
npm http fetch GET 200 https://registry.npmjs.org/yocto-queue 71ms (cache revalidated)
npm http fetch GET 200 https://registry.npmjs.org/indent-string 67ms (cache revalidated)
npm http fetch GET 200 https://registry.npmjs.org/clean-stack 121ms (cache revalidated)
npm http fetch GET 200 https://registry.npmjs.org/map-stream 77ms (cache revalidated)
npm http fetch GET 200 https://registry.npmjs.org/stream-combiner 76ms (cache revalidated)
npm http fetch GET 200 https://registry.npmjs.org/from 82ms (cache revalidated)
npm http fetch GET 200 https://registry.npmjs.org/duplexer 88ms (cache revalidated)
npm http fetch GET 200 https://registry.npmjs.org/split 100ms (cache revalidated)
npm http fetch GET 200 https://registry.npmjs.org/pause-stream 106ms (cache revalidated)
npm http fetch GET 200 https://registry.npmjs.org/object-inspect 57ms (cache revalidated)
npm http fetch GET 200 https://registry.npmjs.org/call-bind 70ms (cache revalidated)
npm http fetch GET 200 https://registry.npmjs.org/get-intrinsic 72ms (cache revalidated)
npm http fetch GET 200 https://registry.npmjs.org/es-errors 85ms (cache revalidated)
npm http fetch GET 200 https://registry.npmjs.org/ajv 11ms (cache hit)
npm http fetch GET 200 https://registry.npmjs.org/psl 60ms (cache revalidated)
npm http fetch GET 200 https://registry.npmjs.org/punycode 67ms (cache revalidated)
npm http fetch GET 200 https://registry.npmjs.org/har-schema 80ms (cache revalidated)
npm http fetch GET 200 https://registry.npmjs.org/fast-deep-equal 67ms (cache revalidated)
npm http fetch GET 200 https://registry.npmjs.org/fast-json-stable-stringify 69ms (cache revalidated)
npm http fetch GET 200 https://registry.npmjs.org/json-schema-traverse 72ms (cache revalidated)
npm http fetch GET 200 https://registry.npmjs.org/uri-js 95ms (cache revalidated)
npm http fetch GET 200 https://registry.npmjs.org/function-bind 61ms (cache revalidated)
npm http fetch GET 200 https://registry.npmjs.org/es-define-property 73ms (cache revalidated)
npm http fetch GET 200 https://registry.npmjs.org/hasown 73ms (cache revalidated)
npm http fetch GET 200 https://registry.npmjs.org/has-proto 77ms (cache revalidated)
npm http fetch GET 200 https://registry.npmjs.org/set-function-length 79ms (cache revalidated)
npm http fetch GET 200 https://registry.npmjs.org/function-bind 81ms (cache revalidated)
npm http fetch GET 200 https://registry.npmjs.org/has-symbols 81ms (cache revalidated)
npm http fetch GET 200 https://registry.npmjs.org/has-property-descriptors 57ms (cache revalidated)
npm http fetch GET 200 https://registry.npmjs.org/gopd 71ms (cache revalidated)
npm http fetch GET 200 https://registry.npmjs.org/define-data-property 75ms (cache revalidated)
npm http fetch GET 200 https://registry.npmjs.org/tldts-core 74ms (cache revalidated)
npm http fetch GET 200 https://registry.npmjs.org/cli-boxes 76ms (cache revalidated)
npm http fetch GET 200 https://registry.npmjs.org/dot-prop 78ms (cache revalidated)
npm http fetch GET 200 https://registry.npmjs.org/write-file-atomic 80ms (cache revalidated)
npm http fetch GET 200 https://registry.npmjs.org/ansi-align 85ms (cache revalidated)
npm http fetch GET 200 https://registry.npmjs.org/package-json 84ms (cache revalidated)
npm http fetch GET 200 https://registry.npmjs.org/escape-goat 208ms (cache revalidated)
npm http fetch GET 200 https://registry.npmjs.org/unique-string 213ms (cache revalidated)
npm http fetch GET 200 https://registry.npmjs.org/widest-line 225ms (cache revalidated)
npm http fetch GET 200 https://registry.npmjs.org/eastasianwidth 57ms (cache revalidated)
npm http fetch GET 200 https://registry.npmjs.org/typedarray-to-buffer 66ms (cache revalidated)
npm http fetch GET 200 https://registry.npmjs.org/imurmurhash 84ms (cache revalidated)
npm http fetch GET 200 https://registry.npmjs.org/is-obj 86ms (cache revalidated)
npm http fetch GET 200 https://registry.npmjs.org/crypto-random-string 94ms (cache revalidated)
npm http fetch GET 200 https://registry.npmjs.org/registry-auth-token 62ms (cache revalidated)
npm http fetch GET 200 https://registry.npmjs.org/got 66ms (cache revalidated)
npm http fetch GET 200 https://registry.npmjs.org/registry-url 90ms (cache revalidated)
npm http fetch GET 200 https://registry.npmjs.org/p-cancelable 71ms (cache revalidated)
npm http fetch GET 200 https://registry.npmjs.org/http2-wrapper 72ms (cache revalidated)
npm http fetch GET 200 https://registry.npmjs.org/form-data-encoder 77ms (cache revalidated)
npm http fetch GET 200 https://registry.npmjs.org/responselike 85ms (cache revalidated)
npm http fetch GET 200 https://registry.npmjs.org/cacheable-request 88ms (cache revalidated)
npm http fetch GET 200 https://registry.npmjs.org/cacheable-lookup 94ms (cache revalidated)
npm http fetch GET 200 https://registry.npmjs.org/rc 94ms (cache revalidated)
npm http fetch GET 200 https://registry.npmjs.org/@sindresorhus%2fis 99ms (cache revalidated)
npm http fetch GET 200 https://registry.npmjs.org/decompress-response 99ms (cache revalidated)
npm http fetch GET 200 https://registry.npmjs.org/@szmarczak%2fhttp-timer 243ms (cache revalidated)
npm http fetch GET 200 https://registry.npmjs.org/lowercase-keys 664ms (cache revalidated)
npm http fetch GET 200 https://registry.npmjs.org/@pnpm%2fnpm-conf 1037ms (cache revalidated)
npm http fetch GET 200 https://registry.npmjs.org/defer-to-connect 69ms (cache revalidated)
npm http fetch GET 200 https://registry.npmjs.org/keyv 70ms (cache revalidated)
npm http fetch GET 200 https://registry.npmjs.org/normalize-url 73ms (cache revalidated)
npm http fetch GET 200 https://registry.npmjs.org/http-cache-semantics 76ms (cache revalidated)
npm http fetch GET 200 https://registry.npmjs.org/resolve-alpn 75ms (cache revalidated)
npm http fetch GET 200 https://registry.npmjs.org/quick-lru 87ms (cache revalidated)
npm http fetch GET 200 https://registry.npmjs.org/@types%2fhttp-cache-semantics 102ms (cache revalidated)
npm http fetch GET 200 https://registry.npmjs.org/mimic-response 124ms (cache revalidated)
npm http fetch GET 200 https://registry.npmjs.org/mimic-response 128ms (cache revalidated)
npm http fetch GET 200 https://registry.npmjs.org/json-buffer 63ms (cache revalidated)
npm http fetch GET 200 https://registry.npmjs.org/config-chain 130ms (cache revalidated)
npm http fetch GET 200 https://registry.npmjs.org/@pnpm%2fnetwork.ca-file 452ms (cache revalidated)
npm http fetch GET 200 https://registry.npmjs.org/@pnpm%2fconfig.env-replace 508ms (cache revalidated)
npm http fetch GET 200 https://registry.npmjs.org/proto-list 195ms (cache revalidated)
npm http fetch GET 200 https://registry.npmjs.org/deep-extend 71ms (cache revalidated)
npm http fetch GET 200 https://registry.npmjs.org/pend 54ms (cache revalidated)
npm http fetch GET 200 https://registry.npmjs.org/crc32-stream 198ms (cache revalidated)
npm http fetch GET 200 https://registry.npmjs.org/crc-32 61ms (cache revalidated)
npm http fetch GET 200 https://registry.npmjs.org/buffer-alloc-unsafe 81ms (cache revalidated)
npm http fetch GET 200 https://registry.npmjs.org/buffer-fill 82ms (cache revalidated)
npm http fetch GET 200 https://registry.npmjs.org/p-try 59ms (cache revalidated)
npm verbose reify failed optional dependency /home/tongaidh/fravega/tmpBstackPackages/node_modules/fsevents
npm http fetch POST 200 https://registry.npmjs.org/-/npm/v1/security/advisories/bulk 1445ms
npm warn deprecated inflight@1.0.6: This module is not supported, and leaks memory. Do not use it. Check out lru-cache if you want a good and tested way to coalesce async requests by a key value, which is much more comprehensive and powerful.
npm warn deprecated rimraf@2.5.4: Rimraf versions prior to v4 are no longer supported
npm warn deprecated har-validator@5.1.5: this library is no longer supported
npm warn deprecated glob@7.2.3: Glob versions prior to v9 are no longer supported
npm warn deprecated glob@8.1.0: Glob versions prior to v9 are no longer supported
npm warn deprecated uuid@3.4.0: Please upgrade  to version 7 or higher.  Older versions may use Math.random() in certain circumstances, which is known to be problematic.  See https://v8.dev/blog/math-random for details.
npm http fetch GET 200 https://registry.npmjs.org/request 516ms (cache revalidated)
npm warn deprecated request@2.88.2: request has been deprecated, see https://github.com/request/request/issues/3142
npm http fetch GET 200 https://registry.npmjs.org/tough-cookie 533ms (cache revalidated)
npm info run cypress@13.15.2 postinstall node_modules/cypress node index.js --exec install
npm http fetch GET 200 https://registry.npmjs.org/browserstack-cypress-cli 910ms (cache revalidated)
npm info run cypress@13.15.2 postinstall { code: 0, signal: null }

added 467 packages, and audited 468 packages in 1m

94 packages are looking for funding
  run `npm fund` for details

3 moderate severity vulnerabilities

To address all issues (including breaking changes), run:
  npm audit fix --force

Run `npm audit` for details.
npm verbose cwd /home/tongaidh/fravega/tmpBstackPackages
npm verbose os Linux 5.15.167.4-microsoft-standard-WSL2
npm verbose node v20.17.0
npm verbose npm  v10.9.0
npm verbose exit 0
npm info ok
